<?xml version="1.0" encoding="UTF-8"?>
<testExecutions version="1">
  <file path="D:\Desenvolvimento_Estudos\ES26_QA\__tests__\application\TransferenciaServicoMock.test.ts">
    <testCase name="Transferencia serviço mock transferir com sucesso" duration="67"/>
    <testCase name="Transferencia serviço mock conta de origem não encontrada" duration="5"/>
    <testCase name="Transferencia serviço mock conta de destino não encontrada" duration="4"/>
  </file>
  <file path="D:\Desenvolvimento_Estudos\ES26_QA\__tests__\model\Recibo.test.ts">
    <testCase name="Recibo criar com sucesso" duration="18"/>
    <testCase name="Recibo criar recibos diferentes" duration="1"/>
    <testCase name="Recibo criar recibos com código positivo" duration="3"/>
  </file>
  <file path="D:\Desenvolvimento_Estudos\ES26_QA\__tests__\application\TransferenciaServico.test.ts">
    <testCase name="Transferência Serviço transferir com sucesso" duration="110"/>
    <testCase name="Transferência Serviço conta de origem não encontrada" duration="7"/>
    <testCase name="Transferência Serviço conta de destino não encontrada" duration="21"/>
  </file>
  <file path="D:\Desenvolvimento_Estudos\ES26_QA\__tests__\model\service\TransferenciaValor.test.ts">
    <testCase name="Transferência Valor transferencia de valor entre contas com sucesso" duration="41"/>
  </file>
  <file path="D:\Desenvolvimento_Estudos\ES26_QA\__tests__\model\NumeroConta.test.ts">
    <testCase name="Número Conta conta com seis dígitos" duration="22"/>
    <testCase name="Número Conta conta com cinco dígitos" duration="29"/>
    <testCase name="Número Conta conta com sete dígitos" duration="5"/>
    <testCase name="Número Conta conta com valor que não sejam digitos" duration="3"/>
  </file>
  <file path="D:\Desenvolvimento_Estudos\ES26_QA\__tests__\model\Conta.test.ts">
    <testCase name="Conta sacar com sucesso" duration="26"/>
    <testCase name="Conta sacar com valor zerado" duration="46"/>
    <testCase name="Conta sacar com valor negativo" duration="3"/>
    <testCase name="Conta sacar valor acima do saldo" duration="3"/>
    <testCase name="Conta depositar com sucesso" duration="2"/>
    <testCase name="Conta depositar com valor zerado" duration="4"/>
    <testCase name="Conta depositar com valor negativo" duration="3"/>
    <testCase name="Conta sacar todo o saldo" duration="1"/>
  </file>
</testExecutions>